<?xml version="1.0" encoding="UTF-8"?>
<!-- Generated by org.testng.reporters.JUnitReportReporter -->
<testsuite hostname="SRINIVAS-G2005" failures="0" tests="4" name="automationBlogSpot.ScrollingBarJSExecuter" time="6.224" errors="0" timestamp="2025-03-27T21:43:59 IST" skipped="0">
  <testcase classname="automationBlogSpot.ScrollingBarJSExecuter" name="scrollOnPixelSize" time="0.049"/>
  <testcase classname="automationBlogSpot.ScrollingBarJSExecuter" name="scrollUntilElementFound" time="0.073"/>
  <testcase classname="automationBlogSpot.ScrollingBarJSExecuter" name="scrollEndOfPage" time="3.032"/>
  <testcase classname="automationBlogSpot.ScrollingBarJSExecuter" name="scrollEndReturnToStart" time="3.070"/>
</testsuite> <!-- automationBlogSpot.ScrollingBarJSExecuter -->
