<?xml version="1.0" encoding="UTF-8"?>
<!-- Generated by org.testng.reporters.JUnitReportReporter -->
<testsuite hostname="SRINIVAS-G2005" failures="0" tests="1" name="automationBlogSpot.HandlingJSExecuter" time="0.032" errors="0" timestamp="2025-03-26T19:07:19 IST" skipped="0">
  <testcase classname="automationBlogSpot.HandlingJSExecuter" name="radioButton" time="0.032"/>
</testsuite> <!-- automationBlogSpot.HandlingJSExecuter -->
