<?xml version="1.0" encoding="UTF-8"?>
<!-- Generated by org.testng.reporters.JUnitReportReporter -->
<testsuite hostname="SRINIVAS-G2005" failures="0" tests="1" name="OnePiece_Wikipedia.ScrollingBarJSExecuter" time="0.018" errors="0" timestamp="2025-07-20T21:30:10 IST" skipped="0">
  <testcase classname="OnePiece_Wikipedia.ScrollingBarJSExecuter" name="scrollOnPixelSize" time="0.018"/>
</testsuite> <!-- OnePiece_Wikipedia.ScrollingBarJSExecuter -->
