<?xml version="1.0" encoding="UTF-8"?>
<!-- Generated by org.testng.reporters.JUnitReportReporter -->
<testsuite hostname="SRINIVAS-G2005" failures="0" tests="4" name="OnePiece_Wikipedia.ScrollingBarJSExecuter" time="12.157" errors="0" timestamp="2025-07-20T21:41:03 IST" skipped="0">
  <testcase classname="OnePiece_Wikipedia.ScrollingBarJSExecuter" name="scrollOnPixelSize" time="3.035"/>
  <testcase classname="OnePiece_Wikipedia.ScrollingBarJSExecuter" name="scrollUntilElementFound" time="3.040"/>
  <testcase classname="OnePiece_Wikipedia.ScrollingBarJSExecuter" name="scrollEndOfPage" time="3.045"/>
  <testcase classname="OnePiece_Wikipedia.ScrollingBarJSExecuter" name="scrollEndReturnToStart" time="3.037"/>
</testsuite> <!-- OnePiece_Wikipedia.ScrollingBarJSExecuter -->
