<?xml version="1.0" encoding="UTF-8"?>
<!-- Generated by org.testng.reporters.JUnitReportReporter -->
<testsuite hostname="SRINIVAS-G2005" failures="0" tests="2" name="automationBlogSpot.HandlingJSExecuter" time="2.178" errors="0" timestamp="2025-03-26T19:32:23 IST" skipped="0">
  <testcase classname="automationBlogSpot.HandlingJSExecuter" name="handlingInputBox" time="2.156"/>
  <testcase classname="automationBlogSpot.HandlingJSExecuter" name="radioButton" time="0.022"/>
</testsuite> <!-- automationBlogSpot.HandlingJSExecuter -->
