<?xml version="1.0" encoding="UTF-8"?>
<!-- Generated by org.testng.reporters.JUnitReportReporter -->
<testsuite hostname="SRINIVAS-G2005" failures="0" tests="1" name="OnePiece_Wikipedia.ScrollingBarJSExecuter" time="3.045" errors="0" timestamp="2025-07-20T21:35:41 IST" skipped="0">
  <testcase classname="OnePiece_Wikipedia.ScrollingBarJSExecuter" name="scrollUntilElementFound" time="3.045"/>
</testsuite> <!-- OnePiece_Wikipedia.ScrollingBarJSExecuter -->
