<?xml version="1.0" encoding="UTF-8"?>
<!-- Generated by org.testng.reporters.JUnitReportReporter -->
<testsuite hostname="SRINIVAS-G2005" failures="0" tests="4" name="automationBlogSpot.ScrollingBarJSExecuter" time="6.109" errors="0" timestamp="2025-03-26T19:32:53 IST" skipped="0">
  <testcase classname="automationBlogSpot.ScrollingBarJSExecuter" name="scrollOnPixelSize" time="0.017"/>
  <testcase classname="automationBlogSpot.ScrollingBarJSExecuter" name="scrollUntilElementFound" time="0.033"/>
  <testcase classname="automationBlogSpot.ScrollingBarJSExecuter" name="scrollEndOfPage" time="3.023"/>
  <testcase classname="automationBlogSpot.ScrollingBarJSExecuter" name="scrollEndReturnToStart" time="3.036"/>
</testsuite> <!-- automationBlogSpot.ScrollingBarJSExecuter -->
