<?xml version="1.0" encoding="UTF-8"?>
<!-- Generated by org.testng.reporters.JUnitReportReporter -->
<testsuite hostname="SRINIVAS-G2005" failures="0" tests="2" name="automationBlogSpot.HandlingJSExecuter" time="3.882" errors="0" timestamp="2025-03-27T21:41:29 IST" skipped="0">
  <testcase classname="automationBlogSpot.HandlingJSExecuter" name="handlingInputBox" time="3.834"/>
  <testcase classname="automationBlogSpot.HandlingJSExecuter" name="radioButton" time="0.048"/>
</testsuite> <!-- automationBlogSpot.HandlingJSExecuter -->
