<?xml version="1.0" encoding="UTF-8"?>
<!-- Generated by org.testng.reporters.JUnitReportReporter -->
<testsuite hostname="SRINIVAS-G2005" failures="0" tests="2" name="OnePiece_Wikipedia.HandlingJSExecuter" time="2.542" errors="0" timestamp="2025-07-20T21:03:44 IST" skipped="0">
  <testcase classname="OnePiece_Wikipedia.HandlingJSExecuter" name="handlingInputBox" time="2.205"/>
  <testcase classname="OnePiece_Wikipedia.HandlingJSExecuter" name="radioButton" time="0.337"/>
</testsuite> <!-- OnePiece_Wikipedia.HandlingJSExecuter -->
